build/app/intermediates/manifest_merge_blame_file/debug/manifest-merger-blame-debug-report.txt
1<?xml version="1.0" encoding="utf-8"?>
2<manifest xmlns:android="http://schemas.android.com/apk/res/android"
3    package="com.example.style_buddy"
4    android:versionCode="1"
5    android:versionName="1.0.0" >
6
7    <uses-sdk
8        android:minSdkVersion="20"
9        android:targetSdkVersion="30" />
10    <!--
11         Flutter needs it to communicate with the running application
12         to allow setting breakpoints, to provide hot reload, etc.
13    -->
14    <uses-permission android:name="android.permission.INTERNET" />
14-->src\main\AndroidManifest.xml:4:5-66
14-->src\main\AndroidManifest.xml:4:22-64
15    <uses-permission android:name="android.permission.ACCESS_COARSE_LOCATION" />
15-->src\main\AndroidManifest.xml:5:5-80
15-->src\main\AndroidManifest.xml:5:22-78
16    <uses-permission android:name="android.permission.ACCESS_FINE_LOCATION" />
16-->src\main\AndroidManifest.xml:6:5-78
16-->src\main\AndroidManifest.xml:6:22-76
17    <uses-permission android:name="android.permission.FOREGROUND_SERVICE" /> <!-- Include required permissions for Google Maps API to run. -->
17-->[:geolocator_android] AndroidManifest.xml:7:5-77
17-->[:geolocator_android] AndroidManifest.xml:7:22-74
18    <uses-permission android:name="android.permission.ACCESS_NETWORK_STATE" />
18-->[com.google.android.gms:play-services-maps:17.0.0] AndroidManifest.xml:23:5-79
18-->[com.google.android.gms:play-services-maps:17.0.0] AndroidManifest.xml:23:22-76
19
20    <uses-feature
20-->[com.google.android.gms:play-services-maps:17.0.0] AndroidManifest.xml:26:5-28:35
21        android:glEsVersion="0x00020000"
21-->[com.google.android.gms:play-services-maps:17.0.0] AndroidManifest.xml:27:9-41
22        android:required="true" />
22-->[com.google.android.gms:play-services-maps:17.0.0] AndroidManifest.xml:28:9-32
23
24    <application
24-->src\main\AndroidManifest.xml:7:4-46:19
25        android:appComponentFactory="androidx.core.app.CoreComponentFactory"
25-->[androidx.core:core:1.6.0] AndroidManifest.xml:24:18-86
26        android:debuggable="true"
27        android:icon="@mipmap/ic_launcher"
27-->src\main\AndroidManifest.xml:9:9-43
28        android:label="Style Buddy" >
28-->src\main\AndroidManifest.xml:8:9-36
29        <meta-data
29-->src\main\AndroidManifest.xml:10:9-11:73
30            android:name="com.google.android.geo.API_KEY"
30-->src\main\AndroidManifest.xml:10:20-65
31            android:value="AIzaSyA75ahm62YkziJoBxeGEz8Y5XhxbH0E160" />
31-->src\main\AndroidManifest.xml:11:16-71
32
33        <activity
33-->src\main\AndroidManifest.xml:12:9-40:20
34            android:name="com.example.style_buddy.MainActivity"
34-->src\main\AndroidManifest.xml:13:13-41
35            android:configChanges="orientation|keyboardHidden|keyboard|screenSize|smallestScreenSize|locale|layoutDirection|fontScale|screenLayout|density|uiMode"
35-->src\main\AndroidManifest.xml:16:13-163
36            android:hardwareAccelerated="true"
36-->src\main\AndroidManifest.xml:17:13-47
37            android:launchMode="singleTop"
37-->src\main\AndroidManifest.xml:14:13-43
38            android:theme="@style/LaunchTheme"
38-->src\main\AndroidManifest.xml:15:13-47
39            android:windowSoftInputMode="adjustResize" >
39-->src\main\AndroidManifest.xml:18:13-55
40
41            <!--
42                 Specifies an Android theme to apply to this Activity as soon as
43                 the Android process has started. This theme is visible to the user
44                 while the Flutter UI initializes. After that, this theme continues
45                 to determine the Window background behind the Flutter UI.
46            -->
47            <meta-data
47-->src\main\AndroidManifest.xml:23:13-26:17
48                android:name="io.flutter.embedding.android.NormalTheme"
48-->src\main\AndroidManifest.xml:24:15-70
49                android:resource="@style/NormalTheme" />
49-->src\main\AndroidManifest.xml:25:15-52
50            <!--
51                 Displays an Android View that continues showing the launch screen
52                 Drawable until Flutter paints its first frame, then this splash
53                 screen fades out. A splash screen is useful to avoid any visual
54                 gap between the end of Android's launch screen and the painting of
55                 Flutter's first frame.
56            -->
57            <meta-data
57-->src\main\AndroidManifest.xml:32:13-35:17
58                android:name="io.flutter.embedding.android.SplashScreenDrawable"
58-->src\main\AndroidManifest.xml:33:15-79
59                android:resource="@drawable/launch_background" />
59-->src\main\AndroidManifest.xml:34:15-61
60
61            <intent-filter>
61-->src\main\AndroidManifest.xml:36:13-39:29
62                <action android:name="android.intent.action.MAIN" />
62-->src\main\AndroidManifest.xml:37:17-68
62-->src\main\AndroidManifest.xml:37:25-66
63
64                <category android:name="android.intent.category.LAUNCHER" />
64-->src\main\AndroidManifest.xml:38:17-76
64-->src\main\AndroidManifest.xml:38:27-74
65            </intent-filter>
66        </activity>
67        <!--
68             Don't delete the meta-data below.
69             This is used by the Flutter tool to generate GeneratedPluginRegistrant.java
70        -->
71        <meta-data
71-->src\main\AndroidManifest.xml:43:9-45:33
72            android:name="flutterEmbedding"
72-->src\main\AndroidManifest.xml:44:13-44
73            android:value="2" />
73-->src\main\AndroidManifest.xml:45:13-30
74
75        <service
75-->[:geolocator_android] AndroidManifest.xml:10:9-14:56
76            android:name="com.baseflow.geolocator.GeolocatorLocationService"
76-->[:geolocator_android] AndroidManifest.xml:11:13-77
77            android:enabled="true"
77-->[:geolocator_android] AndroidManifest.xml:12:13-35
78            android:exported="false"
78-->[:geolocator_android] AndroidManifest.xml:13:13-37
79            android:foregroundServiceType="location" />
79-->[:geolocator_android] AndroidManifest.xml:14:13-53
80
81        <provider
81-->[:image_picker] AndroidManifest.xml:8:9-16:20
82            android:name="io.flutter.plugins.imagepicker.ImagePickerFileProvider"
82-->[:image_picker] AndroidManifest.xml:9:13-82
83            android:authorities="com.example.style_buddy.flutter.image_provider"
83-->[:image_picker] AndroidManifest.xml:10:13-74
84            android:exported="false"
84-->[:image_picker] AndroidManifest.xml:11:13-37
85            android:grantUriPermissions="true" >
85-->[:image_picker] AndroidManifest.xml:12:13-47
86            <meta-data
86-->[:image_picker] AndroidManifest.xml:13:13-15:75
87                android:name="android.support.FILE_PROVIDER_PATHS"
87-->[:image_picker] AndroidManifest.xml:14:17-67
88                android:resource="@xml/flutter_image_picker_file_paths" />
88-->[:image_picker] AndroidManifest.xml:15:17-72
89        </provider>
90
91        <activity
91-->[:url_launcher_android] AndroidManifest.xml:8:9-11:74
92            android:name="io.flutter.plugins.urllauncher.WebViewActivity"
92-->[:url_launcher_android] AndroidManifest.xml:9:13-74
93            android:exported="false"
93-->[:url_launcher_android] AndroidManifest.xml:10:13-37
94            android:theme="@android:style/Theme.NoTitleBar.Fullscreen" />
94-->[:url_launcher_android] AndroidManifest.xml:11:13-71
95
96        <service
96-->[:location] AndroidManifest.xml:11:9-15:56
97            android:name="com.lyokone.location.FlutterLocationService"
97-->[:location] AndroidManifest.xml:12:13-71
98            android:enabled="true"
98-->[:location] AndroidManifest.xml:13:13-35
99            android:exported="false"
99-->[:location] AndroidManifest.xml:14:13-37
100            android:foregroundServiceType="location" />
100-->[:location] AndroidManifest.xml:15:13-53
101
102        <uses-library
102-->[androidx.window:window:1.0.0-beta04] AndroidManifest.xml:25:9-27:40
103            android:name="androidx.window.extensions"
103-->[androidx.window:window:1.0.0-beta04] AndroidManifest.xml:26:13-54
104            android:required="false" />
104-->[androidx.window:window:1.0.0-beta04] AndroidManifest.xml:27:13-37
105        <uses-library
105-->[androidx.window:window:1.0.0-beta04] AndroidManifest.xml:28:9-30:40
106            android:name="androidx.window.sidecar"
106-->[androidx.window:window:1.0.0-beta04] AndroidManifest.xml:29:13-51
107            android:required="false" /> <!-- Needs to be explicitly declared on P+ -->
107-->[androidx.window:window:1.0.0-beta04] AndroidManifest.xml:30:13-37
108        <uses-library
108-->[com.google.android.gms:play-services-maps:17.0.0] AndroidManifest.xml:33:9-35:40
109            android:name="org.apache.http.legacy"
109-->[com.google.android.gms:play-services-maps:17.0.0] AndroidManifest.xml:34:13-50
110            android:required="false" />
110-->[com.google.android.gms:play-services-maps:17.0.0] AndroidManifest.xml:35:13-37
111
112        <activity
112-->[com.google.android.gms:play-services-base:17.0.0] AndroidManifest.xml:23:9-26:75
113            android:name="com.google.android.gms.common.api.GoogleApiActivity"
113-->[com.google.android.gms:play-services-base:17.0.0] AndroidManifest.xml:24:13-79
114            android:exported="false"
114-->[com.google.android.gms:play-services-base:17.0.0] AndroidManifest.xml:25:13-37
115            android:theme="@android:style/Theme.Translucent.NoTitleBar" />
115-->[com.google.android.gms:play-services-base:17.0.0] AndroidManifest.xml:26:13-72
116
117        <meta-data
117-->[com.google.android.gms:play-services-basement:17.0.0] AndroidManifest.xml:23:9-25:69
118            android:name="com.google.android.gms.version"
118-->[com.google.android.gms:play-services-basement:17.0.0] AndroidManifest.xml:24:13-58
119            android:value="@integer/google_play_services_version" />
119-->[com.google.android.gms:play-services-basement:17.0.0] AndroidManifest.xml:25:13-66
120    </application>
121
122</manifest>